[09-May-2016 20:24:46 UTC] PHP Deprecated:  Methods with the same name as their class will not be constructors in a future version of PHP; CoAuthorsIterator has a deprecated constructor in /srv/www/devstack-wordpress/foleyhoag/htdocs/wp-content/plugins/co-authors-plus/template-tags.php on line 66
[09-May-2016 20:24:46 UTC] PHP Deprecated:  Methods with the same name as their class will not be constructors in a future version of PHP; WP_Import has a deprecated constructor in /srv/www/devstack-wordpress/foleyhoag/htdocs/wp-content/plugins/wordpress-importer/wordpress-importer.php on line 38
[28-May-2016 16:34:37 UTC] PHP Deprecated:  Methods with the same name as their class will not be constructors in a future version of PHP; CoAuthorsIterator has a deprecated constructor in /srv/www/devstack-wordpress/foleyhoag/htdocs/wp-content/plugins/co-authors-plus/template-tags.php on line 66
[28-May-2016 16:34:37 UTC] PHP Deprecated:  Methods with the same name as their class will not be constructors in a future version of PHP; WP_Import has a deprecated constructor in /srv/www/devstack-wordpress/foleyhoag/htdocs/wp-content/plugins/wordpress-importer/wordpress-importer.php on line 38
[28-May-2016 16:46:45 UTC] PHP Notice:  Undefined index: HTTP_HOST in /srv/www/devstack-wordpress/foleyhoag/htdocs/wp-content/sunrise.php on line 10
[28-May-2016 16:46:45 UTC] PHP Notice:  Undefined index: HTTP_HOST in /srv/www/devstack-wordpress/foleyhoag/htdocs/wp-includes/ms-settings.php on line 48
[08-Jun-2016 21:14:18 UTC] PHP Notice:  Undefined index: text in /srv/www/devstack-wordpress/foleyhoag/htdocs/wp-content/mu-plugins/black-studio-tinymce-widget.php on line 34
[08-Jun-2016 21:14:21 UTC] PHP Deprecated:  Non-static method WidgetClasses::widget_update_callback() should not be called statically in /srv/www/devstack-wordpress/foleyhoag/htdocs/wp-includes/plugin.php on line 235
[08-Jun-2016 21:14:23 UTC] PHP Deprecated:  Non-static method WidgetClasses::widget_update_callback() should not be called statically in /srv/www/devstack-wordpress/foleyhoag/htdocs/wp-includes/plugin.php on line 235
[08-Jun-2016 21:14:30 UTC] PHP Deprecated:  Non-static method WidgetClasses::widget_update_callback() should not be called statically in /srv/www/devstack-wordpress/foleyhoag/htdocs/wp-includes/plugin.php on line 235
[08-Jun-2016 21:14:31 UTC] PHP Deprecated:  Non-static method WidgetClasses::widget_update_callback() should not be called statically in /srv/www/devstack-wordpress/foleyhoag/htdocs/wp-includes/plugin.php on line 235
[08-Jun-2016 21:14:44 UTC] PHP Deprecated:  Non-static method WidgetClasses::widget_update_callback() should not be called statically in /srv/www/devstack-wordpress/foleyhoag/htdocs/wp-includes/plugin.php on line 235
[08-Jun-2016 21:14:58 UTC] PHP Deprecated:  Non-static method WidgetClasses::widget_update_callback() should not be called statically in /srv/www/devstack-wordpress/foleyhoag/htdocs/wp-includes/plugin.php on line 235
[08-Jun-2016 21:14:59 UTC] PHP Deprecated:  Non-static method WidgetClasses::widget_update_callback() should not be called statically in /srv/www/devstack-wordpress/foleyhoag/htdocs/wp-includes/plugin.php on line 235
[08-Jun-2016 21:15:27 UTC] PHP Notice:  Undefined index: text in /srv/www/devstack-wordpress/foleyhoag/htdocs/wp-content/mu-plugins/black-studio-tinymce-widget.php on line 34
[08-Jun-2016 21:15:29 UTC] PHP Deprecated:  Non-static method WidgetClasses::widget_update_callback() should not be called statically in /srv/www/devstack-wordpress/foleyhoag/htdocs/wp-includes/plugin.php on line 235
[08-Jun-2016 21:15:31 UTC] PHP Deprecated:  Non-static method WidgetClasses::widget_update_callback() should not be called statically in /srv/www/devstack-wordpress/foleyhoag/htdocs/wp-includes/plugin.php on line 235
[08-Jun-2016 21:15:34 UTC] PHP Deprecated:  Non-static method WidgetClasses::widget_update_callback() should not be called statically in /srv/www/devstack-wordpress/foleyhoag/htdocs/wp-includes/plugin.php on line 235
[08-Jun-2016 21:15:36 UTC] PHP Deprecated:  Non-static method WidgetClasses::widget_update_callback() should not be called statically in /srv/www/devstack-wordpress/foleyhoag/htdocs/wp-includes/plugin.php on line 235
[08-Jun-2016 21:15:38 UTC] PHP Deprecated:  Non-static method WidgetClasses::widget_update_callback() should not be called statically in /srv/www/devstack-wordpress/foleyhoag/htdocs/wp-includes/plugin.php on line 235
[08-Jun-2016 21:15:40 UTC] PHP Deprecated:  Non-static method WidgetClasses::widget_update_callback() should not be called statically in /srv/www/devstack-wordpress/foleyhoag/htdocs/wp-includes/plugin.php on line 235
[08-Jun-2016 21:15:41 UTC] PHP Deprecated:  Non-static method WidgetClasses::widget_update_callback() should not be called statically in /srv/www/devstack-wordpress/foleyhoag/htdocs/wp-includes/plugin.php on line 235
[08-Jun-2016 21:15:47 UTC] PHP Deprecated:  Non-static method WidgetClasses::widget_update_callback() should not be called statically in /srv/www/devstack-wordpress/foleyhoag/htdocs/wp-includes/plugin.php on line 235
[08-Jun-2016 21:15:53 UTC] PHP Deprecated:  Non-static method WidgetClasses::widget_update_callback() should not be called statically in /srv/www/devstack-wordpress/foleyhoag/htdocs/wp-includes/plugin.php on line 235
[08-Jun-2016 21:16:27 UTC] PHP Deprecated:  Non-static method WidgetClasses::widget_update_callback() should not be called statically in /srv/www/devstack-wordpress/foleyhoag/htdocs/wp-includes/plugin.php on line 235
[08-Jun-2016 21:17:57 UTC] PHP Notice:  Undefined variable: title in /srv/www/devstack-wordpress/foleyhoag/htdocs/wp-content/themes/fohopoco/core/widgets/author.php on line 41
[08-Jun-2016 21:18:06 UTC] PHP Deprecated:  Non-static method WidgetClasses::widget_update_callback() should not be called statically in /srv/www/devstack-wordpress/foleyhoag/htdocs/wp-includes/plugin.php on line 235
[08-Jun-2016 21:18:07 UTC] PHP Deprecated:  Non-static method WidgetClasses::widget_update_callback() should not be called statically in /srv/www/devstack-wordpress/foleyhoag/htdocs/wp-includes/plugin.php on line 235
[08-Jun-2016 21:18:14 UTC] PHP Deprecated:  Non-static method WidgetClasses::widget_update_callback() should not be called statically in /srv/www/devstack-wordpress/foleyhoag/htdocs/wp-includes/plugin.php on line 235
[08-Jun-2016 21:18:21 UTC] PHP Deprecated:  Non-static method WidgetClasses::widget_update_callback() should not be called statically in /srv/www/devstack-wordpress/foleyhoag/htdocs/wp-includes/plugin.php on line 235
[08-Jun-2016 21:18:23 UTC] PHP Deprecated:  Non-static method WidgetClasses::widget_update_callback() should not be called statically in /srv/www/devstack-wordpress/foleyhoag/htdocs/wp-includes/plugin.php on line 235
[08-Jun-2016 21:50:46 UTC] PHP Warning:  require_once(/srv/www/devstack-wordpress/foleyhoag/htdocs/wp-content/themes/fohopoco/core/widgets/foley_author.php): failed to open stream: No such file or directory in /srv/www/devstack-wordpress/foleyhoag/htdocs/wp-content/themes/fohopoco/functions.php on line 42
[08-Jun-2016 21:50:46 UTC] PHP Fatal error:  require_once(): Failed opening required '/srv/www/devstack-wordpress/foleyhoag/htdocs/wp-content/themes/fohopoco/core/widgets/foley_author.php' (include_path='.:/usr/share/php') in /srv/www/devstack-wordpress/foleyhoag/htdocs/wp-content/themes/fohopoco/functions.php on line 42
[08-Jun-2016 21:51:15 UTC] PHP Deprecated:  Non-static method WidgetClasses::widget_update_callback() should not be called statically in /srv/www/devstack-wordpress/foleyhoag/htdocs/wp-includes/plugin.php on line 235
[08-Jun-2016 21:51:32 UTC] PHP Deprecated:  Non-static method WidgetClasses::widget_update_callback() should not be called statically in /srv/www/devstack-wordpress/foleyhoag/htdocs/wp-includes/plugin.php on line 235
[08-Jun-2016 21:51:51 UTC] PHP Deprecated:  Non-static method WidgetClasses::widget_update_callback() should not be called statically in /srv/www/devstack-wordpress/foleyhoag/htdocs/wp-includes/plugin.php on line 235
[08-Jun-2016 21:51:59 UTC] PHP Deprecated:  Non-static method WidgetClasses::widget_update_callback() should not be called statically in /srv/www/devstack-wordpress/foleyhoag/htdocs/wp-includes/plugin.php on line 235
[08-Jun-2016 21:52:16 UTC] PHP Deprecated:  Non-static method WidgetClasses::widget_update_callback() should not be called statically in /srv/www/devstack-wordpress/foleyhoag/htdocs/wp-includes/plugin.php on line 235
[08-Jun-2016 21:55:39 UTC] PHP Deprecated:  Non-static method WidgetClasses::widget_update_callback() should not be called statically in /srv/www/devstack-wordpress/foleyhoag/htdocs/wp-includes/plugin.php on line 235
[09-Jun-2016 16:58:23 UTC] PHP Notice:  update_usermeta is <strong>deprecated</strong> since version 3.0! Use update_user_meta() instead. in /srv/www/devstack-wordpress/foleyhoag/htdocs/wp-includes/functions.php on line 3671
[09-Jun-2016 17:00:12 UTC] PHP Notice:  Undefined variable: avatar in /srv/www/devstack-wordpress/foleyhoag/htdocs/wp-content/themes/fohopoco/core/widgets/foley_authors.php on line 124
[09-Jun-2016 17:00:13 UTC] PHP Notice:  Undefined variable: avatar in /srv/www/devstack-wordpress/foleyhoag/htdocs/wp-content/themes/fohopoco/core/widgets/foley_authors.php on line 124
[04-Aug-2016 15:26:33 UTC] PHP Deprecated:  Methods with the same name as their class will not be constructors in a future version of PHP; WP_Import has a deprecated constructor in /srv/config/devstack-wordpress/foleyhoag/htdocs/wp-content/plugins/wordpress-importer/wordpress-importer.php on line 38
[04-Aug-2016 21:30:39 UTC] PHP Deprecated:  Non-static method WidgetClasses::widget_update_callback() should not be called statically in /srv/config/devstack-wordpress/foleyhoag/htdocs/wp-includes/plugin.php on line 235
[04-Aug-2016 21:31:47 UTC] PHP Deprecated:  Non-static method WidgetClasses::widget_update_callback() should not be called statically in /srv/config/devstack-wordpress/foleyhoag/htdocs/wp-includes/plugin.php on line 235
[04-Aug-2016 21:32:30 UTC] PHP Notice:  update_usermeta is <strong>deprecated</strong> since version 3.0! Use update_user_meta() instead. in /srv/config/devstack-wordpress/foleyhoag/htdocs/wp-includes/functions.php on line 3658
[04-Aug-2016 21:34:17 UTC] PHP Notice:  update_usermeta is <strong>deprecated</strong> since version 3.0! Use update_user_meta() instead. in /srv/config/devstack-wordpress/foleyhoag/htdocs/wp-includes/functions.php on line 3658
[04-Aug-2016 21:36:05 UTC] PHP Notice:  update_usermeta is <strong>deprecated</strong> since version 3.0! Use update_user_meta() instead. in /srv/config/devstack-wordpress/foleyhoag/htdocs/wp-includes/functions.php on line 3658
